Sat, 01 Aug 2020 16:33:59 gpu_task_scheduler.py[line:53] INFO gpu0 receives task aux_disc-False,dataset-google,epoch-400,epoch_checkpoint_freq-1,extra_checkpoint_freq-5,run-0,sample_len-1,self_norm-False,
Sat, 01 Aug 2020 16:34:03 gpu_task_scheduler.py[line:93] INFO gpu0 finishes task aux_disc-False,dataset-google,epoch-400,epoch_checkpoint_freq-1,extra_checkpoint_freq-5,run-0,sample_len-1,self_norm-False,
Sat, 01 Aug 2020 16:34:03 gpu_task_scheduler.py[line:53] INFO gpu0 receives task aux_disc-False,dataset-google,epoch-400,epoch_checkpoint_freq-1,extra_checkpoint_freq-5,run-0,sample_len-5,self_norm-False,
Sat, 01 Aug 2020 16:34:09 gpu_task_scheduler.py[line:93] INFO gpu0 finishes task aux_disc-False,dataset-google,epoch-400,epoch_checkpoint_freq-1,extra_checkpoint_freq-5,run-0,sample_len-5,self_norm-False,
Sat, 01 Aug 2020 16:34:09 gpu_task_scheduler.py[line:53] INFO gpu0 receives task aux_disc-False,dataset-google,epoch-400,epoch_checkpoint_freq-1,extra_checkpoint_freq-5,run-0,sample_len-10,self_norm-False,
Sat, 01 Aug 2020 16:34:12 gpu_task_scheduler.py[line:93] INFO gpu0 finishes task aux_disc-False,dataset-google,epoch-400,epoch_checkpoint_freq-1,extra_checkpoint_freq-5,run-0,sample_len-10,self_norm-False,
Sat, 01 Aug 2020 16:34:12 gpu_task_scheduler.py[line:53] INFO gpu0 receives task aux_disc-False,dataset-google,epoch-400,epoch_checkpoint_freq-1,extra_checkpoint_freq-5,run-1,sample_len-1,self_norm-False,
Sat, 01 Aug 2020 16:34:58 gpu_task_scheduler.py[line:53] INFO gpu0 receives task aux_disc-False,dataset-google,epoch-400,epoch_checkpoint_freq-1,extra_checkpoint_freq-5,run-0,sample_len-1,self_norm-False,
Sat, 01 Aug 2020 16:34:58 gpu_task_scheduler.py[line:56] INFO gpu0 skips task aux_disc-False,dataset-google,epoch-400,epoch_checkpoint_freq-1,extra_checkpoint_freq-5,run-0,sample_len-1,self_norm-False,
Sat, 01 Aug 2020 16:34:58 gpu_task_scheduler.py[line:53] INFO gpu0 receives task aux_disc-True,dataset-web,epoch-400,epoch_checkpoint_freq-1,extra_checkpoint_freq-5,run-0,sample_len-1,self_norm-True,
Sat, 01 Aug 2020 16:35:02 gpu_task_scheduler.py[line:93] INFO gpu0 finishes task aux_disc-True,dataset-web,epoch-400,epoch_checkpoint_freq-1,extra_checkpoint_freq-5,run-0,sample_len-1,self_norm-True,
Sat, 01 Aug 2020 16:35:02 gpu_task_scheduler.py[line:53] INFO gpu0 receives task aux_disc-False,dataset-FCC_MBA,epoch-17000,epoch_checkpoint_freq-70,extra_checkpoint_freq-850,run-0,sample_len-1,self_norm-False,
Sat, 01 Aug 2020 16:35:06 gpu_task_scheduler.py[line:93] INFO gpu0 finishes task aux_disc-False,dataset-FCC_MBA,epoch-17000,epoch_checkpoint_freq-70,extra_checkpoint_freq-850,run-0,sample_len-1,self_norm-False,
Sat, 01 Aug 2020 16:35:06 gpu_task_scheduler.py[line:46] INFO gpu0 finished
Sat, 01 Aug 2020 16:39:00 gpu_task_scheduler.py[line:53] INFO gpu0 receives task aux_disc-False,dataset-google,epoch-400,epoch_checkpoint_freq-1,extra_checkpoint_freq-5,run-0,sample_len-1,self_norm-False,
Sat, 01 Aug 2020 16:39:00 gpu_task_scheduler.py[line:56] INFO gpu0 skips task aux_disc-False,dataset-google,epoch-400,epoch_checkpoint_freq-1,extra_checkpoint_freq-5,run-0,sample_len-1,self_norm-False,
Sat, 01 Aug 2020 16:39:00 gpu_task_scheduler.py[line:53] INFO gpu0 receives task aux_disc-True,dataset-web,epoch-400,epoch_checkpoint_freq-1,extra_checkpoint_freq-5,run-0,sample_len-1,self_norm-True,
Sat, 01 Aug 2020 16:39:00 gpu_task_scheduler.py[line:56] INFO gpu0 skips task aux_disc-True,dataset-web,epoch-400,epoch_checkpoint_freq-1,extra_checkpoint_freq-5,run-0,sample_len-1,self_norm-True,
Sat, 01 Aug 2020 16:39:00 gpu_task_scheduler.py[line:53] INFO gpu0 receives task aux_disc-False,dataset-FCC_MBA,epoch-17000,epoch_checkpoint_freq-70,extra_checkpoint_freq-850,run-0,sample_len-1,self_norm-False,
Sat, 01 Aug 2020 16:39:00 gpu_task_scheduler.py[line:56] INFO gpu0 skips task aux_disc-False,dataset-FCC_MBA,epoch-17000,epoch_checkpoint_freq-70,extra_checkpoint_freq-850,run-0,sample_len-1,self_norm-False,
Sat, 01 Aug 2020 16:39:00 gpu_task_scheduler.py[line:46] INFO gpu0 finished
Sat, 01 Aug 2020 16:39:27 gpu_task_scheduler.py[line:53] INFO gpu0 receives task aux_disc-False,dataset-google,epoch-400,epoch_checkpoint_freq-1,extra_checkpoint_freq-5,run-0,sample_len-1,self_norm-False,
Sat, 01 Aug 2020 16:39:31 gpu_task_scheduler.py[line:93] INFO gpu0 finishes task aux_disc-False,dataset-google,epoch-400,epoch_checkpoint_freq-1,extra_checkpoint_freq-5,run-0,sample_len-1,self_norm-False,
Sat, 01 Aug 2020 16:39:31 gpu_task_scheduler.py[line:53] INFO gpu0 receives task aux_disc-True,dataset-web,epoch-400,epoch_checkpoint_freq-1,extra_checkpoint_freq-5,run-0,sample_len-1,self_norm-True,
Sat, 01 Aug 2020 16:51:57 gpu_task_scheduler.py[line:53] INFO gpu0 receives task aux_disc-True,dataset-web,epoch-400,epoch_checkpoint_freq-1,extra_checkpoint_freq-5,run-0,sample_len-1,self_norm-True,
Sat, 01 Aug 2020 16:51:57 gpu_task_scheduler.py[line:56] INFO gpu0 skips task aux_disc-True,dataset-web,epoch-400,epoch_checkpoint_freq-1,extra_checkpoint_freq-5,run-0,sample_len-1,self_norm-True,
Sat, 01 Aug 2020 16:51:57 gpu_task_scheduler.py[line:53] INFO gpu0 receives task aux_disc-False,dataset-FCC_MBA,epoch-17000,epoch_checkpoint_freq-70,extra_checkpoint_freq-850,run-0,sample_len-1,self_norm-False,
Sat, 01 Aug 2020 16:52:22 gpu_task_scheduler.py[line:53] INFO gpu0 receives task aux_disc-True,dataset-web,epoch-400,epoch_checkpoint_freq-1,extra_checkpoint_freq-5,run-0,sample_len-1,self_norm-True,
Sat, 01 Aug 2020 19:40:30 gpu_task_scheduler.py[line:53] INFO gpu0 receives task aux_disc-True,dataset-web,epoch-400,epoch_checkpoint_freq-1,extra_checkpoint_freq-5,run-0,sample_len-1,self_norm-True,
Sat, 01 Aug 2020 19:42:27 gpu_task_scheduler.py[line:93] INFO gpu0 finishes task aux_disc-True,dataset-web,epoch-400,epoch_checkpoint_freq-1,extra_checkpoint_freq-5,run-0,sample_len-1,self_norm-True,
Sat, 01 Aug 2020 19:42:27 gpu_task_scheduler.py[line:53] INFO gpu0 receives task aux_disc-False,dataset-FCC_MBA,epoch-17000,epoch_checkpoint_freq-70,extra_checkpoint_freq-850,run-0,sample_len-1,self_norm-False,
Sat, 01 Aug 2020 20:33:06 gpu_task_scheduler.py[line:53] INFO gpu0 receives task aux_disc-True,dataset-web,epoch-400,epoch_checkpoint_freq-1,extra_checkpoint_freq-5,run-0,sample_len-1,self_norm-True,
Sat, 01 Aug 2020 20:33:06 gpu_task_scheduler.py[line:56] INFO gpu0 skips task aux_disc-True,dataset-web,epoch-400,epoch_checkpoint_freq-1,extra_checkpoint_freq-5,run-0,sample_len-1,self_norm-True,
Sat, 01 Aug 2020 20:33:06 gpu_task_scheduler.py[line:53] INFO gpu0 receives task aux_disc-False,dataset-FCC_MBA,epoch-17000,epoch_checkpoint_freq-70,extra_checkpoint_freq-850,run-0,sample_len-1,self_norm-False,
Sat, 01 Aug 2020 20:33:06 gpu_task_scheduler.py[line:56] INFO gpu0 skips task aux_disc-False,dataset-FCC_MBA,epoch-17000,epoch_checkpoint_freq-70,extra_checkpoint_freq-850,run-0,sample_len-1,self_norm-False,
Sat, 01 Aug 2020 20:33:06 gpu_task_scheduler.py[line:46] INFO gpu0 finished
Sat, 01 Aug 2020 22:34:14 gpu_task_scheduler.py[line:53] INFO gpu0 receives task aux_disc-True,dataset-web,epoch-400,epoch_checkpoint_freq-1,extra_checkpoint_freq-5,run-0,sample_len-1,self_norm-True,
Sat, 01 Aug 2020 22:38:04 gpu_task_scheduler.py[line:53] INFO gpu0 receives task aux_disc-True,dataset-web,epoch-400,epoch_checkpoint_freq-1,extra_checkpoint_freq-5,run-0,sample_len-1,self_norm-True,
Sat, 01 Aug 2020 22:38:04 gpu_task_scheduler.py[line:56] INFO gpu0 skips task aux_disc-True,dataset-web,epoch-400,epoch_checkpoint_freq-1,extra_checkpoint_freq-5,run-0,sample_len-1,self_norm-True,
Sat, 01 Aug 2020 22:38:04 gpu_task_scheduler.py[line:53] INFO gpu0 receives task aux_disc-False,dataset-FCC_MBA,epoch-17000,epoch_checkpoint_freq-70,extra_checkpoint_freq-850,run-0,sample_len-1,self_norm-False,
Sat, 01 Aug 2020 22:38:25 gpu_task_scheduler.py[line:53] INFO gpu0 receives task aux_disc-True,dataset-web,epoch-400,epoch_checkpoint_freq-1,extra_checkpoint_freq-5,run-0,sample_len-1,self_norm-True,
